<?xml version="1.0" encoding="UTF-8"?>
<!-- Generated by org.testng.reporters.JUnitXMLReporter -->
<testsuite hostname="Chethans-MacBook-Air.local" ignored="0" name="Test" tests="16" failures="2" timestamp="12 Feb 2019 15:26:17 GMT" time="404.112" errors="0">
  <testcase name="verifyNewEntryFunctionality" time="17.451" classname="com.pharmeasy.MercuryUI.Gatepass.TC_001_VerifyNewEntryFunctionality"/>
  <testcase name="verifyVendorSelectionInGatePassPage" time="16.819" classname="com.pharmeasy.MercuryUI.Gatepass.TC_002_VerifyVendorSelection"/>
  <testcase name="verifyGatePassCreation" time="19.35" classname="com.pharmeasy.MercuryUI.Gatepass.TC_003_VerifyGatePassCreation"/>
  <testcase name="verifyGatePassCreatedDetailsInOrderDetails" time="28.114" classname="com.pharmeasy.MercuryUI.Gatepass.TC_004_VerifyGatePassCreatedDetailsInOrderDetails"/>
  <testcase name="verifyMandatoryFieldMSG_Invoice" time="18.013" classname="com.pharmeasy.MercuryUI.Gatepass.TC_005_VerifyMandatoryFields"/>
  <testcase name="verifyMandatoryFieldMSG_Invoicenum" time="18.964" classname="com.pharmeasy.MercuryUI.Gatepass.TC_006_VerifyMandatoryFieldsAreHighlighted"/>
  <testcase name="verifyErrorMSGforVendor" time="19.48" classname="com.pharmeasy.MercuryUI.Gatepass.TC_007_VerifyErrorMessageForVendorSelection"/>
  <testcase name="verifyVendorSearch" time="27.132" classname="com.pharmeasy.MercuryUI.Gatepass.TC_008_VerifyVendorSearchFunctionality">
    <failure type="java.lang.AssertionError" message="expected [true] but found [false]">
      <![CDATA[java.lang.AssertionError: expected [true] but found [false]
at com.pharmeasy.MercuryUI.Gatepass.TC_008_VerifyVendorSearchFunctionality.verifyVendorSearch(TC_008_VerifyVendorSearchFunctionality.java:28)
... Removed 30 stack frames]]>
    </failure>
  </testcase> <!-- verifyVendorSearch -->
  <testcase name="verifyInvoiceNumberSearch" time="26.737" classname="com.pharmeasy.MercuryUI.Gatepass.TC_009_VerifyInvoiceNumberSearchFunctionality"/>
  <testcase name="verifyDateSearch" time="27.325" classname="com.pharmeasy.MercuryUI.Gatepass.TC_010_VerifyDateSearchFunctionality"/>
  <testcase name="verifyUpdateMSGText" time="18.501" classname="com.pharmeasy.MercuryUI.Gatepass.TC_011_VerifyGatePassUpdation">
    <failure type="java.lang.AssertionError" message="expected [Gatepass Updated Successfully] but found [Gatepass Updated Succcesfully]">
      <![CDATA[java.lang.AssertionError: expected [Gatepass Updated Successfully] but found [Gatepass Updated Succcesfully]
at com.pharmeasy.MercuryUI.Gatepass.TC_011_VerifyGatePassUpdation.verifyUpdateMSGText(TC_011_VerifyGatePassUpdation.java:32)
... Removed 32 stack frames]]>
    </failure>
  </testcase> <!-- verifyUpdateMSGText -->
  <testcase name="verifyMandatoryFieldMSG_Amount" time="18.018" classname="com.pharmeasy.MercuryUI.Gatepass.TC_005_VerifyMandatoryFields"/>
  <testcase name="verifyMandatoryFieldMSG_Amount" time="18.936" classname="com.pharmeasy.MercuryUI.Gatepass.TC_006_VerifyMandatoryFieldsAreHighlighted"/>
  <testcase name="verifyInvoiceNumUpdate" time="24.337" classname="com.pharmeasy.MercuryUI.Gatepass.TC_011_VerifyGatePassUpdation"/>
  <testcase name="verifyMandatoryFieldMSG_PO" time="17.859" classname="com.pharmeasy.MercuryUI.Gatepass.TC_005_VerifyMandatoryFields"/>
  <testcase name="verifyInvoiceAmountUpdate" time="24.364" classname="com.pharmeasy.MercuryUI.Gatepass.TC_011_VerifyGatePassUpdation"/>
</testsuite> <!-- Test -->
