<html>
<head>
<title>TestNG:  Test</title>
<link href="../testng.css" rel="stylesheet" type="text/css" />
<link href="../my-testng.css" rel="stylesheet" type="text/css" />

<style type="text/css">
.log { display: none;} 
.stack-trace { display: none;} 
</style>
<script type="text/javascript">
<!--
function flip(e) {
  current = e.style.display;
  if (current == 'block') {
    e.style.display = 'none';
    return 0;
  }
  else {
    e.style.display = 'block';
    return 1;
  }
}

function toggleBox(szDivId, elem, msg1, msg2)
{
  var res = -1;  if (document.getElementById) {
    res = flip(document.getElementById(szDivId));
  }
  else if (document.all) {
    // this is the way old msie versions work
    res = flip(document.all[szDivId]);
  }
  if(elem) {
    if(res == 0) elem.innerHTML = msg1; else elem.innerHTML = msg2;
  }

}

function toggleAllBoxes() {
  if (document.getElementsByTagName) {
    d = document.getElementsByTagName('div');
    for (i = 0; i < d.length; i++) {
      if (d[i].className == 'log') {
        flip(d[i]);
      }
    }
  }
}

// -->
</script>

</head>
<body>
<h2 align='center'>Test</h2><table border='1' align="center">
<tr>
<td>Tests passed/Failed/Skipped:</td><td>11/5/0</td>
</tr><tr>
<td>Started on:</td><td>Wed Jan 30 18:01:39 IST 2019</td>
</tr>
<tr><td>Total time:</td><td>441 seconds (441795 ms)</td>
</tr><tr>
<td>Included groups:</td><td></td>
</tr><tr>
<td>Excluded groups:</td><td></td>
</tr>
</table><p/>
<small><i>(Hover the method name to see the test class name)</i></small><p/>
<table width='100%' border='1' class='invocation-failed'>
<tr><td colspan='4' align='center'><b>FAILED TESTS</b></td></tr>
<tr><td><b>Test method</b></td>
<td width="30%"><b>Exception</b></td>
<td width="10%"><b>Time (seconds)</b></td>
<td><b>Instance</b></td>
</tr>
<tr>
<td title='com.pharmeasy.MercuryUI.Gatepass.TC_010_VerifyDateSearchFunctionality.verifyDateSearch()'><b>verifyDateSearch</b><br>Test class: com.pharmeasy.MercuryUI.Gatepass.TC_010_VerifyDateSearchFunctionality</td>
<td><div><pre>java.lang.AssertionError: expected [true] but found [false]
	at com.pharmeasy.MercuryUI.Gatepass.TC_010_VerifyDateSearchFunctionality.verifyDateSearch(TC_010_VerifyDateSearchFunctionality.java:33)
... Removed 29 stack frames</pre></div><a href='#' onClick='toggleBox("stack-trace237413343", this, "Click to show all stack frames", "Click to hide stack frames")'>Click to show all stack frames</a>
<div class='stack-trace' id='stack-trace237413343'><pre>java.lang.AssertionError: expected [true] but found [false]
	at org.testng.Assert.fail(Assert.java:96)
	at org.testng.Assert.failNotEquals(Assert.java:776)
	at org.testng.Assert.assertTrue(Assert.java:44)
	at org.testng.Assert.assertTrue(Assert.java:54)
	at com.pharmeasy.MercuryUI.Gatepass.TC_010_VerifyDateSearchFunctionality.verifyDateSearch(TC_010_VerifyDateSearchFunctionality.java:33)
	at sun.reflect.NativeMethodAccessorImpl.invoke0(Native Method)
	at sun.reflect.NativeMethodAccessorImpl.invoke(NativeMethodAccessorImpl.java:62)
	at sun.reflect.DelegatingMethodAccessorImpl.invoke(DelegatingMethodAccessorImpl.java:43)
	at java.lang.reflect.Method.invoke(Method.java:498)
	at org.testng.internal.MethodInvocationHelper.invokeMethod(MethodInvocationHelper.java:124)
	at org.testng.internal.Invoker.invokeMethod(Invoker.java:580)
	at org.testng.internal.Invoker.invokeTestMethod(Invoker.java:716)
	at org.testng.internal.Invoker.invokeTestMethods(Invoker.java:988)
	at org.testng.internal.TestMethodWorker.invokeTestMethods(TestMethodWorker.java:125)
	at org.testng.internal.TestMethodWorker.run(TestMethodWorker.java:109)
	at org.testng.TestRunner.privateRun(TestRunner.java:648)
	at org.testng.TestRunner.run(TestRunner.java:505)
	at org.testng.SuiteRunner.runTest(SuiteRunner.java:455)
	at org.testng.SuiteRunner.runSequentially(SuiteRunner.java:450)
	at org.testng.SuiteRunner.privateRun(SuiteRunner.java:415)
	at org.testng.SuiteRunner.run(SuiteRunner.java:364)
	at org.testng.SuiteRunnerWorker.runSuite(SuiteRunnerWorker.java:52)
	at org.testng.SuiteRunnerWorker.run(SuiteRunnerWorker.java:84)
	at org.testng.TestNG.runSuitesSequentially(TestNG.java:1208)
	at org.testng.TestNG.runSuitesLocally(TestNG.java:1137)
	at org.testng.TestNG.runSuites(TestNG.java:1049)
	at org.testng.TestNG.run(TestNG.java:1017)
	at org.testng.remote.AbstractRemoteTestNG.run(AbstractRemoteTestNG.java:114)
	at org.testng.remote.RemoteTestNG.initAndRun(RemoteTestNG.java:251)
	at org.testng.remote.RemoteTestNG.main(RemoteTestNG.java:77)
</pre></div></td>
<td>24</td>
<td>com.pharmeasy.MercuryUI.Gatepass.TC_010_VerifyDateSearchFunctionality@6366ebe0</td></tr>
<tr>
<td title='com.pharmeasy.MercuryUI.Gatepass.TC_007_VerifyErrorMessageForVendorSelection.verifyErrorMSGforVendor()'><b>verifyErrorMSGforVendor</b><br>Test class: com.pharmeasy.MercuryUI.Gatepass.TC_007_VerifyErrorMessageForVendorSelection</td>
<td><div><pre>java.lang.AssertionError: expected [Choose a vendor.] but found []
	at com.pharmeasy.MercuryUI.Gatepass.TC_007_VerifyErrorMessageForVendorSelection.verifyErrorMSGforVendor(TC_007_VerifyErrorMessageForVendorSelection.java:24)
... Removed 31 stack frames</pre></div><a href='#' onClick='toggleBox("stack-trace836841663", this, "Click to show all stack frames", "Click to hide stack frames")'>Click to show all stack frames</a>
<div class='stack-trace' id='stack-trace836841663'><pre>java.lang.AssertionError: expected [Choose a vendor.] but found []
	at org.testng.Assert.fail(Assert.java:96)
	at org.testng.Assert.failNotEquals(Assert.java:776)
	at org.testng.Assert.assertEqualsImpl(Assert.java:137)
	at org.testng.Assert.assertEquals(Assert.java:118)
	at org.testng.Assert.assertEquals(Assert.java:453)
	at org.testng.Assert.assertEquals(Assert.java:463)
	at com.pharmeasy.MercuryUI.Gatepass.TC_007_VerifyErrorMessageForVendorSelection.verifyErrorMSGforVendor(TC_007_VerifyErrorMessageForVendorSelection.java:24)
	at sun.reflect.NativeMethodAccessorImpl.invoke0(Native Method)
	at sun.reflect.NativeMethodAccessorImpl.invoke(NativeMethodAccessorImpl.java:62)
	at sun.reflect.DelegatingMethodAccessorImpl.invoke(DelegatingMethodAccessorImpl.java:43)
	at java.lang.reflect.Method.invoke(Method.java:498)
	at org.testng.internal.MethodInvocationHelper.invokeMethod(MethodInvocationHelper.java:124)
	at org.testng.internal.Invoker.invokeMethod(Invoker.java:580)
	at org.testng.internal.Invoker.invokeTestMethod(Invoker.java:716)
	at org.testng.internal.Invoker.invokeTestMethods(Invoker.java:988)
	at org.testng.internal.TestMethodWorker.invokeTestMethods(TestMethodWorker.java:125)
	at org.testng.internal.TestMethodWorker.run(TestMethodWorker.java:109)
	at org.testng.TestRunner.privateRun(TestRunner.java:648)
	at org.testng.TestRunner.run(TestRunner.java:505)
	at org.testng.SuiteRunner.runTest(SuiteRunner.java:455)
	at org.testng.SuiteRunner.runSequentially(SuiteRunner.java:450)
	at org.testng.SuiteRunner.privateRun(SuiteRunner.java:415)
	at org.testng.SuiteRunner.run(SuiteRunner.java:364)
	at org.testng.SuiteRunnerWorker.runSuite(SuiteRunnerWorker.java:52)
	at org.testng.SuiteRunnerWorker.run(SuiteRunnerWorker.java:84)
	at org.testng.TestNG.runSuitesSequentially(TestNG.java:1208)
	at org.testng.TestNG.runSuitesLocally(TestNG.java:1137)
	at org.testng.TestNG.runSuites(TestNG.java:1049)
	at org.testng.TestNG.run(TestNG.java:1017)
	at org.testng.remote.AbstractRemoteTestNG.run(AbstractRemoteTestNG.java:114)
	at org.testng.remote.RemoteTestNG.initAndRun(RemoteTestNG.java:251)
	at org.testng.remote.RemoteTestNG.main(RemoteTestNG.java:77)
</pre></div></td>
<td>25</td>
<td>com.pharmeasy.MercuryUI.Gatepass.TC_007_VerifyErrorMessageForVendorSelection@543e710e</td></tr>
<tr>
<td title='com.pharmeasy.MercuryUI.Gatepass.TC_004_VerifyGatePassCreatedDetailsInOrderDetails.verifyGatePassCreatedDetailsInOrderDetails()'><b>verifyGatePassCreatedDetailsInOrderDetails</b><br>Test class: com.pharmeasy.MercuryUI.Gatepass.TC_004_VerifyGatePassCreatedDetailsInOrderDetails<br>Parameters: VARDHMAN PHARMA DISTRIBUTORS PVT LTD, I-543, 100.0</td>
<td><div><pre>java.lang.AssertionError: expected [Gatepass Created Successfully] but found [Duplicate invoice number]
	at com.pharmeasy.MercuryUI.Gatepass.TC_004_VerifyGatePassCreatedDetailsInOrderDetails.verifyGatePassCreatedDetailsInOrderDetails(TC_004_VerifyGatePassCreatedDetailsInOrderDetails.java:41)
... Removed 31 stack frames</pre></div><a href='#' onClick='toggleBox("stack-trace589610983", this, "Click to show all stack frames", "Click to hide stack frames")'>Click to show all stack frames</a>
<div class='stack-trace' id='stack-trace589610983'><pre>java.lang.AssertionError: expected [Gatepass Created Successfully] but found [Duplicate invoice number]
	at org.testng.Assert.fail(Assert.java:96)
	at org.testng.Assert.failNotEquals(Assert.java:776)
	at org.testng.Assert.assertEqualsImpl(Assert.java:137)
	at org.testng.Assert.assertEquals(Assert.java:118)
	at org.testng.Assert.assertEquals(Assert.java:453)
	at org.testng.Assert.assertEquals(Assert.java:463)
	at com.pharmeasy.MercuryUI.Gatepass.TC_004_VerifyGatePassCreatedDetailsInOrderDetails.verifyGatePassCreatedDetailsInOrderDetails(TC_004_VerifyGatePassCreatedDetailsInOrderDetails.java:41)
	at sun.reflect.NativeMethodAccessorImpl.invoke0(Native Method)
	at sun.reflect.NativeMethodAccessorImpl.invoke(NativeMethodAccessorImpl.java:62)
	at sun.reflect.DelegatingMethodAccessorImpl.invoke(DelegatingMethodAccessorImpl.java:43)
	at java.lang.reflect.Method.invoke(Method.java:498)
	at org.testng.internal.MethodInvocationHelper.invokeMethod(MethodInvocationHelper.java:124)
	at org.testng.internal.Invoker.invokeMethod(Invoker.java:580)
	at org.testng.internal.Invoker.invokeTestMethod(Invoker.java:716)
	at org.testng.internal.Invoker.invokeTestMethods(Invoker.java:988)
	at org.testng.internal.TestMethodWorker.invokeTestMethods(TestMethodWorker.java:125)
	at org.testng.internal.TestMethodWorker.run(TestMethodWorker.java:109)
	at org.testng.TestRunner.privateRun(TestRunner.java:648)
	at org.testng.TestRunner.run(TestRunner.java:505)
	at org.testng.SuiteRunner.runTest(SuiteRunner.java:455)
	at org.testng.SuiteRunner.runSequentially(SuiteRunner.java:450)
	at org.testng.SuiteRunner.privateRun(SuiteRunner.java:415)
	at org.testng.SuiteRunner.run(SuiteRunner.java:364)
	at org.testng.SuiteRunnerWorker.runSuite(SuiteRunnerWorker.java:52)
	at org.testng.SuiteRunnerWorker.run(SuiteRunnerWorker.java:84)
	at org.testng.TestNG.runSuitesSequentially(TestNG.java:1208)
	at org.testng.TestNG.runSuitesLocally(TestNG.java:1137)
	at org.testng.TestNG.runSuites(TestNG.java:1049)
	at org.testng.TestNG.run(TestNG.java:1017)
	at org.testng.remote.AbstractRemoteTestNG.run(AbstractRemoteTestNG.java:114)
	at org.testng.remote.RemoteTestNG.initAndRun(RemoteTestNG.java:251)
	at org.testng.remote.RemoteTestNG.main(RemoteTestNG.java:77)
</pre></div></td>
<td>17</td>
<td>com.pharmeasy.MercuryUI.Gatepass.TC_004_VerifyGatePassCreatedDetailsInOrderDetails@80169cf</td></tr>
<tr>
<td title='com.pharmeasy.MercuryUI.Gatepass.TC_011_VerifyGatePassUpdation.verifyUpdate()'><b>verifyUpdate</b><br>Test class: com.pharmeasy.MercuryUI.Gatepass.TC_011_VerifyGatePassUpdation</td>
<td><div><pre>java.lang.AssertionError: expected [Gatepass Updated Successfully] but found [Duplicate invoice number]
	at com.pharmeasy.MercuryUI.Gatepass.TC_011_VerifyGatePassUpdation.verifyUpdate(TC_011_VerifyGatePassUpdation.java:32)
... Removed 31 stack frames</pre></div><a href='#' onClick='toggleBox("stack-trace232208362", this, "Click to show all stack frames", "Click to hide stack frames")'>Click to show all stack frames</a>
<div class='stack-trace' id='stack-trace232208362'><pre>java.lang.AssertionError: expected [Gatepass Updated Successfully] but found [Duplicate invoice number]
	at org.testng.Assert.fail(Assert.java:96)
	at org.testng.Assert.failNotEquals(Assert.java:776)
	at org.testng.Assert.assertEqualsImpl(Assert.java:137)
	at org.testng.Assert.assertEquals(Assert.java:118)
	at org.testng.Assert.assertEquals(Assert.java:453)
	at org.testng.Assert.assertEquals(Assert.java:463)
	at com.pharmeasy.MercuryUI.Gatepass.TC_011_VerifyGatePassUpdation.verifyUpdate(TC_011_VerifyGatePassUpdation.java:32)
	at sun.reflect.NativeMethodAccessorImpl.invoke0(Native Method)
	at sun.reflect.NativeMethodAccessorImpl.invoke(NativeMethodAccessorImpl.java:62)
	at sun.reflect.DelegatingMethodAccessorImpl.invoke(DelegatingMethodAccessorImpl.java:43)
	at java.lang.reflect.Method.invoke(Method.java:498)
	at org.testng.internal.MethodInvocationHelper.invokeMethod(MethodInvocationHelper.java:124)
	at org.testng.internal.Invoker.invokeMethod(Invoker.java:580)
	at org.testng.internal.Invoker.invokeTestMethod(Invoker.java:716)
	at org.testng.internal.Invoker.invokeTestMethods(Invoker.java:988)
	at org.testng.internal.TestMethodWorker.invokeTestMethods(TestMethodWorker.java:125)
	at org.testng.internal.TestMethodWorker.run(TestMethodWorker.java:109)
	at org.testng.TestRunner.privateRun(TestRunner.java:648)
	at org.testng.TestRunner.run(TestRunner.java:505)
	at org.testng.SuiteRunner.runTest(SuiteRunner.java:455)
	at org.testng.SuiteRunner.runSequentially(SuiteRunner.java:450)
	at org.testng.SuiteRunner.privateRun(SuiteRunner.java:415)
	at org.testng.SuiteRunner.run(SuiteRunner.java:364)
	at org.testng.SuiteRunnerWorker.runSuite(SuiteRunnerWorker.java:52)
	at org.testng.SuiteRunnerWorker.run(SuiteRunnerWorker.java:84)
	at org.testng.TestNG.runSuitesSequentially(TestNG.java:1208)
	at org.testng.TestNG.runSuitesLocally(TestNG.java:1137)
	at org.testng.TestNG.runSuites(TestNG.java:1049)
	at org.testng.TestNG.run(TestNG.java:1017)
	at org.testng.remote.AbstractRemoteTestNG.run(AbstractRemoteTestNG.java:114)
	at org.testng.remote.RemoteTestNG.initAndRun(RemoteTestNG.java:251)
	at org.testng.remote.RemoteTestNG.main(RemoteTestNG.java:77)
</pre></div></td>
<td>17</td>
<td>com.pharmeasy.MercuryUI.Gatepass.TC_011_VerifyGatePassUpdation@44f75083</td></tr>
<tr>
<td title='com.pharmeasy.MercuryUI.Gatepass.TC_008_VerifyVendorSearchFunctionality.verifyVendorSearch()'><b>verifyVendorSearch</b><br>Test class: com.pharmeasy.MercuryUI.Gatepass.TC_008_VerifyVendorSearchFunctionality</td>
<td><div><pre>java.lang.AssertionError: expected [true] but found [false]
	at com.pharmeasy.MercuryUI.Gatepass.TC_008_VerifyVendorSearchFunctionality.verifyVendorSearch(TC_008_VerifyVendorSearchFunctionality.java:30)
... Removed 29 stack frames</pre></div><a href='#' onClick='toggleBox("stack-trace1703458581", this, "Click to show all stack frames", "Click to hide stack frames")'>Click to show all stack frames</a>
<div class='stack-trace' id='stack-trace1703458581'><pre>java.lang.AssertionError: expected [true] but found [false]
	at org.testng.Assert.fail(Assert.java:96)
	at org.testng.Assert.failNotEquals(Assert.java:776)
	at org.testng.Assert.assertTrue(Assert.java:44)
	at org.testng.Assert.assertTrue(Assert.java:54)
	at com.pharmeasy.MercuryUI.Gatepass.TC_008_VerifyVendorSearchFunctionality.verifyVendorSearch(TC_008_VerifyVendorSearchFunctionality.java:30)
	at sun.reflect.NativeMethodAccessorImpl.invoke0(Native Method)
	at sun.reflect.NativeMethodAccessorImpl.invoke(NativeMethodAccessorImpl.java:62)
	at sun.reflect.DelegatingMethodAccessorImpl.invoke(DelegatingMethodAccessorImpl.java:43)
	at java.lang.reflect.Method.invoke(Method.java:498)
	at org.testng.internal.MethodInvocationHelper.invokeMethod(MethodInvocationHelper.java:124)
	at org.testng.internal.Invoker.invokeMethod(Invoker.java:580)
	at org.testng.internal.Invoker.invokeTestMethod(Invoker.java:716)
	at org.testng.internal.Invoker.invokeTestMethods(Invoker.java:988)
	at org.testng.internal.TestMethodWorker.invokeTestMethods(TestMethodWorker.java:125)
	at org.testng.internal.TestMethodWorker.run(TestMethodWorker.java:109)
	at org.testng.TestRunner.privateRun(TestRunner.java:648)
	at org.testng.TestRunner.run(TestRunner.java:505)
	at org.testng.SuiteRunner.runTest(SuiteRunner.java:455)
	at org.testng.SuiteRunner.runSequentially(SuiteRunner.java:450)
	at org.testng.SuiteRunner.privateRun(SuiteRunner.java:415)
	at org.testng.SuiteRunner.run(SuiteRunner.java:364)
	at org.testng.SuiteRunnerWorker.runSuite(SuiteRunnerWorker.java:52)
	at org.testng.SuiteRunnerWorker.run(SuiteRunnerWorker.java:84)
	at org.testng.TestNG.runSuitesSequentially(TestNG.java:1208)
	at org.testng.TestNG.runSuitesLocally(TestNG.java:1137)
	at org.testng.TestNG.runSuites(TestNG.java:1049)
	at org.testng.TestNG.run(TestNG.java:1017)
	at org.testng.remote.AbstractRemoteTestNG.run(AbstractRemoteTestNG.java:114)
	at org.testng.remote.RemoteTestNG.initAndRun(RemoteTestNG.java:251)
	at org.testng.remote.RemoteTestNG.main(RemoteTestNG.java:77)
</pre></div></td>
<td>58</td>
<td>com.pharmeasy.MercuryUI.Gatepass.TC_008_VerifyVendorSearchFunctionality@57f23557</td></tr>
</table><p>
<table width='100%' border='1' class='invocation-passed'>
<tr><td colspan='4' align='center'><b>PASSED TESTS</b></td></tr>
<tr><td><b>Test method</b></td>
<td width="30%"><b>Exception</b></td>
<td width="10%"><b>Time (seconds)</b></td>
<td><b>Instance</b></td>
</tr>
<tr>
<td title='com.pharmeasy.MercuryUI.Gatepass.TC_003_VerifyGatePassCreation.verifyGatePassCreation()'><b>verifyGatePassCreation</b><br>Test class: com.pharmeasy.MercuryUI.Gatepass.TC_003_VerifyGatePassCreation<br>Parameters: VARDHMAN PHARMA DISTRIBUTORS PVT LTD, I-543, 100.0</td>
<td></td>
<td>16</td>
<td>com.pharmeasy.MercuryUI.Gatepass.TC_003_VerifyGatePassCreation@73d4cc9e</td></tr>
<tr>
<td title='com.pharmeasy.MercuryUI.Gatepass.TC_011_VerifyGatePassUpdation.verifyInvoiceAmountUpdate()'><b>verifyInvoiceAmountUpdate</b><br>Test class: com.pharmeasy.MercuryUI.Gatepass.TC_011_VerifyGatePassUpdation<br>Parameters: Chethan-001, 200.0</td>
<td></td>
<td>24</td>
<td>com.pharmeasy.MercuryUI.Gatepass.TC_011_VerifyGatePassUpdation@44f75083</td></tr>
<tr>
<td title='com.pharmeasy.MercuryUI.Gatepass.TC_011_VerifyGatePassUpdation.verifyInvoiceNumUpdate()'><b>verifyInvoiceNumUpdate</b><br>Test class: com.pharmeasy.MercuryUI.Gatepass.TC_011_VerifyGatePassUpdation<br>Parameters: Chethan-001, 200.0</td>
<td></td>
<td>24</td>
<td>com.pharmeasy.MercuryUI.Gatepass.TC_011_VerifyGatePassUpdation@44f75083</td></tr>
<tr>
<td title='com.pharmeasy.MercuryUI.Gatepass.TC_009_VerifyInvoiceNumberSearchFunctionality.verifyInvoiceNumberSearch()'><b>verifyInvoiceNumberSearch</b><br>Test class: com.pharmeasy.MercuryUI.Gatepass.TC_009_VerifyInvoiceNumberSearchFunctionality</td>
<td></td>
<td>26</td>
<td>com.pharmeasy.MercuryUI.Gatepass.TC_009_VerifyInvoiceNumberSearchFunctionality@3d0f8e03</td></tr>
<tr>
<td title='com.pharmeasy.MercuryUI.Gatepass.TC_005_VerifyMandatoryFields.verifyMandatoryFieldMSG_Amount()'><b>verifyMandatoryFieldMSG_Amount</b><br>Test class: com.pharmeasy.MercuryUI.Gatepass.TC_005_VerifyMandatoryFields</td>
<td></td>
<td>15</td>
<td>com.pharmeasy.MercuryUI.Gatepass.TC_005_VerifyMandatoryFields@5427c60c</td></tr>
<tr>
<td title='com.pharmeasy.MercuryUI.Gatepass.TC_006_VerifyMandatoryFieldsAreHighlighted.verifyMandatoryFieldMSG_Amount()'><b>verifyMandatoryFieldMSG_Amount</b><br>Test class: com.pharmeasy.MercuryUI.Gatepass.TC_006_VerifyMandatoryFieldsAreHighlighted</td>
<td></td>
<td>17</td>
<td>com.pharmeasy.MercuryUI.Gatepass.TC_006_VerifyMandatoryFieldsAreHighlighted@15bfd87</td></tr>
<tr>
<td title='com.pharmeasy.MercuryUI.Gatepass.TC_005_VerifyMandatoryFields.verifyMandatoryFieldMSG_Invoice()'><b>verifyMandatoryFieldMSG_Invoice</b><br>Test class: com.pharmeasy.MercuryUI.Gatepass.TC_005_VerifyMandatoryFields</td>
<td></td>
<td>15</td>
<td>com.pharmeasy.MercuryUI.Gatepass.TC_005_VerifyMandatoryFields@5427c60c</td></tr>
<tr>
<td title='com.pharmeasy.MercuryUI.Gatepass.TC_006_VerifyMandatoryFieldsAreHighlighted.verifyMandatoryFieldMSG_Invoicenum()'><b>verifyMandatoryFieldMSG_Invoicenum</b><br>Test class: com.pharmeasy.MercuryUI.Gatepass.TC_006_VerifyMandatoryFieldsAreHighlighted</td>
<td></td>
<td>17</td>
<td>com.pharmeasy.MercuryUI.Gatepass.TC_006_VerifyMandatoryFieldsAreHighlighted@15bfd87</td></tr>
<tr>
<td title='com.pharmeasy.MercuryUI.Gatepass.TC_005_VerifyMandatoryFields.verifyMandatoryFieldMSG_PO()'><b>verifyMandatoryFieldMSG_PO</b><br>Test class: com.pharmeasy.MercuryUI.Gatepass.TC_005_VerifyMandatoryFields</td>
<td></td>
<td>15</td>
<td>com.pharmeasy.MercuryUI.Gatepass.TC_005_VerifyMandatoryFields@5427c60c</td></tr>
<tr>
<td title='com.pharmeasy.MercuryUI.Gatepass.TC_001_VerifyNewEntryFunctionality.verifyNewEntryFunctionality()'><b>verifyNewEntryFunctionality</b><br>Test class: com.pharmeasy.MercuryUI.Gatepass.TC_001_VerifyNewEntryFunctionality</td>
<td></td>
<td>15</td>
<td>com.pharmeasy.MercuryUI.Gatepass.TC_001_VerifyNewEntryFunctionality@b9afc07</td></tr>
<tr>
<td title='com.pharmeasy.MercuryUI.Gatepass.TC_002_VerifyVendorSelection.verifyVendorSelectionInGatePassPage()'><b>verifyVendorSelectionInGatePassPage</b><br>Test class: com.pharmeasy.MercuryUI.Gatepass.TC_002_VerifyVendorSelection</td>
<td></td>
<td>14</td>
<td>com.pharmeasy.MercuryUI.Gatepass.TC_002_VerifyVendorSelection@382db087</td></tr>
</table><p>
</body>
</html>