<?xml version="1.0" encoding="UTF-8"?>
<!-- Generated by org.testng.reporters.JUnitXMLReporter -->
<testsuite hostname="Chethans-MacBook-Air.local" ignored="0" name="Test" tests="30" failures="3" timestamp="21 Feb 2019 06:30:00 GMT" time="1286.974" errors="0">
  <testcase name="verifySearchByDateFunctionality" time="28.745" classname="com.pharmeasy.MercuryUI.PurchaseEntry.TC001_VerifySearchByDateFunctionality"/>
  <testcase name="verifyVendorSearch" time="28.472" classname="com.pharmeasy.MercuryUI.PurchaseEntry.TC002_VerifySearchVendorNameFunctionality">
    <failure type="java.lang.AssertionError" message="expected [true] but found [false]">
      <![CDATA[java.lang.AssertionError: expected [true] but found [false]
at com.pharmeasy.MercuryUI.PurchaseEntry.TC002_VerifySearchVendorNameFunctionality.verifyVendorSearch(TC002_VerifySearchVendorNameFunctionality.java:39)
... Removed 30 stack frames]]>
    </failure>
  </testcase> <!-- verifyVendorSearch -->
  <testcase name="verifyNewEntryFunctionality" time="23.641" classname="com.pharmeasy.MercuryUI.PurchaseEntry.TC003_VerifyNewEntryFunctionalityFromPurchase"/>
  <testcase name="verifyVendorSelection" time="24.114" classname="com.pharmeasy.MercuryUI.PurchaseEntry.TC004_VerifyVendorSelection"/>
  <testcase name="verifyInvoiceNumberField" time="24.171" classname="com.pharmeasy.MercuryUI.PurchaseEntry.TC005_VerifyErrorMessagesForMandatoryFields"/>
  <testcase name="verifyUcodeLoading" time="33.888" classname="com.pharmeasy.MercuryUI.PurchaseEntry.TC006_VerifyAutoLoadingFieldsAfterItemSelection">
    <failure type="java.lang.AssertionError" message="expected [ZZZ-1234] but found [337617]">
      <![CDATA[java.lang.AssertionError: expected [ZZZ-1234] but found [337617]
at com.pharmeasy.MercuryUI.PurchaseEntry.TC006_VerifyAutoLoadingFieldsAfterItemSelection.verifyUcodeLoading(TC006_VerifyAutoLoadingFieldsAfterItemSelection.java:32)
... Removed 32 stack frames]]>
    </failure>
  </testcase> <!-- verifyUcodeLoading -->
  <testcase name="verifyPurchaseRateFieldValidation" time="31.876" classname="com.pharmeasy.MercuryUI.PurchaseEntry.TC007_VerifyPurchaseRateFieldValidation"/>
  <testcase name="verifyNewBatch" time="32.221" classname="com.pharmeasy.MercuryUI.PurchaseEntry.TC008_VerifyNewbatchCreation"/>
  <testcase name="verifyPurEntry" time="33.659" classname="com.pharmeasy.MercuryUI.PurchaseEntry.TC009_VerifyPurchaseEntrySuccessMSG"/>
  <testcase name="verifyCalculationsItemWise" time="43.796" classname="com.pharmeasy.MercuryUI.PurchaseEntry.TC010_CalculationsForItemWise"/>
  <testcase name="verifyTotalInvoiceAmt" time="49.785" classname="com.pharmeasy.MercuryUI.PurchaseEntry.TC011_VerifyTotalInvoiceAmountForMultipleItems"/>
  <testcase name="verifyTotalTaxAmt" time="49.886" classname="com.pharmeasy.MercuryUI.PurchaseEntry.TC012_VerifyTotalTaxAmtForMultipleItems"/>
  <testcase name="verifyTotalDiscAmt" time="50.044" classname="com.pharmeasy.MercuryUI.PurchaseEntry.TC013_VerifyTotalItemDiscAmountForMultipleItems"/>
  <testcase name="verifyTotalGrossAmt" time="49.808" classname="com.pharmeasy.MercuryUI.PurchaseEntry.TC014_VerifyTotalGrossAmtForMultipleItems"/>
  <testcase name="verifyTotalSchDiscAmtForMultipleItems" time="49.846" classname="com.pharmeasy.MercuryUI.PurchaseEntry.TC015_VerifyTotalSchDiscAmtForMultipleItems"/>
  <testcase name="verifyXtraDisc" time="38.726" classname="com.pharmeasy.MercuryUI.PurchaseEntry.TC016_VerifyXtraDiscPercentage"/>
  <testcase name="verifyRoundOff" time="38.945" classname="com.pharmeasy.MercuryUI.PurchaseEntry.TC017_VerifyRoundOffFunctionality"/>
  <testcase name="verifySchemeFunctionalityWithSchemeQtyWithoutSchemeDiscPercentage" time="32.343" classname="com.pharmeasy.MercuryUI.PurchaseEntry.TC018_VerifySchemeDiscFunctionality"/>
  <testcase name="verifySaveAndContinueFunctionality" time="40.895" classname="com.pharmeasy.MercuryUI.PurchaseEntry.TC019_VerifySaveAndContinueButtonFunctionalityInPurchasePage"/>
  <testcase name="verifyThePurchaseEntryAfterSaveInPendingEntries" time="62.755" classname="com.pharmeasy.MercuryUI.PurchaseEntry.TC020_VerifyThePurchaseEntryAfterSaveInPendingEntries">
    <failure type="java.lang.AssertionError" message="expected [true] but found [false]">
      <![CDATA[java.lang.AssertionError: expected [true] but found [false]
at com.pharmeasy.MercuryUI.PurchaseEntry.TC020_VerifyThePurchaseEntryAfterSaveInPendingEntries.verifyThePurchaseEntryAfterSaveInPendingEntries(TC020_VerifyThePurchaseEntryAfterSaveInPendingEntries.java:69)
... Removed 30 stack frames]]>
    </failure>
  </testcase> <!-- verifyThePurchaseEntryAfterSaveInPendingEntries -->
  <testcase name="verifySearchByDateFunctionality" time="30.582" classname="com.pharmeasy.MercuryUI.PurchaseEntry.TC021_VerifyAllSearchFieldsInPendingEntries"/>
  <testcase name="verifyCreditAmountByEnablingSlider" time="47.555" classname="com.pharmeasy.MercuryUI.PurchaseEntry.TC022_VerifyCreditAmountFunctionality"/>
  <testcase name="verifySaveAndFunctionalityByDeletingAnItem" time="51.622" classname="com.pharmeasy.MercuryUI.PurchaseEntry.TC023_VerifySaveAndContinueInPendingEntries"/>
  <testcase name="verifyPurchaseEntryCreationFromPendingEntryPage" time="47.636" classname="com.pharmeasy.MercuryUI.PurchaseEntry.TC024_VerifyPurchaseEntryCreationFromPendingEntryPage"/>
  <testcase name="verifySearchByDateFunctionality" time="30.807" classname="com.pharmeasy.MercuryUI.PurchaseEntry.TC025_VerifyAllSearchFieldsInSplitVerifierPage"/>
  <testcase name="verifyPurchaseCreationInSplitVerifier" time="47.032" classname="com.pharmeasy.MercuryUI.PurchaseEntry.TC026_VerifyPurchaseCreationInSplitVerifier"/>
  <testcase name="verifyPendingPurchaseInSplitVerifier" time="51.392" classname="com.pharmeasy.MercuryUI.PurchaseEntry.TC027_VerifyPendingEntryPurchaseInSplitVerifier"/>
  <testcase name="createPurchaseFromNewEntry" time="33.705" classname="com.pharmeasy.MercuryUI.PurchaseEntry.TC028_CreatePurchase"/>
  <testcase name="verifyPaginationInPurchaseEntry" time="42.164" classname="com.pharmeasy.MercuryUI.PurchaseEntry.TC029_VerifyPaginationInPurchaseEntryPage"/>
  <testcase name="verifyIssueItemNameAndBatch" time="32.127" classname="com.pharmeasy.MercuryUI.PurchaseEntry.TC030_verifyRaiseIssueFunctionality"/>
</testsuite> <!-- Test -->
