<html>
<head>
<title>TestNG:  Test</title>
<link href="../testng.css" rel="stylesheet" type="text/css" />
<link href="../my-testng.css" rel="stylesheet" type="text/css" />

<style type="text/css">
.log { display: none;} 
.stack-trace { display: none;} 
</style>
<script type="text/javascript">
<!--
function flip(e) {
  current = e.style.display;
  if (current == 'block') {
    e.style.display = 'none';
    return 0;
  }
  else {
    e.style.display = 'block';
    return 1;
  }
}

function toggleBox(szDivId, elem, msg1, msg2)
{
  var res = -1;  if (document.getElementById) {
    res = flip(document.getElementById(szDivId));
  }
  else if (document.all) {
    // this is the way old msie versions work
    res = flip(document.all[szDivId]);
  }
  if(elem) {
    if(res == 0) elem.innerHTML = msg1; else elem.innerHTML = msg2;
  }

}

function toggleAllBoxes() {
  if (document.getElementsByTagName) {
    d = document.getElementsByTagName('div');
    for (i = 0; i < d.length; i++) {
      if (d[i].className == 'log') {
        flip(d[i]);
      }
    }
  }
}

// -->
</script>

</head>
<body>
<h2 align='center'>Test</h2><table border='1' align="center">
<tr>
<td>Tests passed/Failed/Skipped:</td><td>27/3/0</td>
</tr><tr>
<td>Started on:</td><td>Thu Feb 21 11:38:33 IST 2019</td>
</tr>
<tr><td>Total time:</td><td>1286 seconds (1286974 ms)</td>
</tr><tr>
<td>Included groups:</td><td></td>
</tr><tr>
<td>Excluded groups:</td><td></td>
</tr>
</table><p/>
<small><i>(Hover the method name to see the test class name)</i></small><p/>
<table width='100%' border='1' class='invocation-failed'>
<tr><td colspan='4' align='center'><b>FAILED TESTS</b></td></tr>
<tr><td><b>Test method</b></td>
<td width="30%"><b>Exception</b></td>
<td width="10%"><b>Time (seconds)</b></td>
<td><b>Instance</b></td>
</tr>
<tr>
<td title='com.pharmeasy.MercuryUI.PurchaseEntry.TC020_VerifyThePurchaseEntryAfterSaveInPendingEntries.verifyThePurchaseEntryAfterSaveInPendingEntries()'><b>verifyThePurchaseEntryAfterSaveInPendingEntries</b><br>Test class: com.pharmeasy.MercuryUI.PurchaseEntry.TC020_VerifyThePurchaseEntryAfterSaveInPendingEntries</td>
<td><div><pre>java.lang.AssertionError: expected [true] but found [false]
	at com.pharmeasy.MercuryUI.PurchaseEntry.TC020_VerifyThePurchaseEntryAfterSaveInPendingEntries.verifyThePurchaseEntryAfterSaveInPendingEntries(TC020_VerifyThePurchaseEntryAfterSaveInPendingEntries.java:69)
... Removed 30 stack frames</pre></div><a href='#' onClick='toggleBox("stack-trace1560002299", this, "Click to show all stack frames", "Click to hide stack frames")'>Click to show all stack frames</a>
<div class='stack-trace' id='stack-trace1560002299'><pre>java.lang.AssertionError: expected [true] but found [false]
	at org.testng.Assert.fail(Assert.java:96)
	at org.testng.Assert.failNotEquals(Assert.java:776)
	at org.testng.Assert.assertTrue(Assert.java:44)
	at org.testng.Assert.assertTrue(Assert.java:54)
	at com.pharmeasy.MercuryUI.PurchaseEntry.TC020_VerifyThePurchaseEntryAfterSaveInPendingEntries.verifyThePurchaseEntryAfterSaveInPendingEntries(TC020_VerifyThePurchaseEntryAfterSaveInPendingEntries.java:69)
	at sun.reflect.NativeMethodAccessorImpl.invoke0(Native Method)
	at sun.reflect.NativeMethodAccessorImpl.invoke(NativeMethodAccessorImpl.java:62)
	at sun.reflect.DelegatingMethodAccessorImpl.invoke(DelegatingMethodAccessorImpl.java:43)
	at java.lang.reflect.Method.invoke(Method.java:498)
	at org.testng.internal.MethodInvocationHelper.invokeMethod(MethodInvocationHelper.java:124)
	at org.testng.internal.Invoker.invokeMethod(Invoker.java:580)
	at org.testng.internal.Invoker.invokeTestMethod(Invoker.java:716)
	at org.testng.internal.Invoker.invokeTestMethods(Invoker.java:988)
	at org.testng.internal.TestMethodWorker.invokeTestMethods(TestMethodWorker.java:125)
	at org.testng.internal.TestMethodWorker.run(TestMethodWorker.java:109)
	at org.testng.TestRunner.privateRun(TestRunner.java:648)
	at org.testng.TestRunner.run(TestRunner.java:505)
	at org.testng.SuiteRunner.runTest(SuiteRunner.java:455)
	at org.testng.SuiteRunner.runSequentially(SuiteRunner.java:450)
	at org.testng.SuiteRunner.privateRun(SuiteRunner.java:415)
	at org.testng.SuiteRunner.run(SuiteRunner.java:364)
	at org.testng.SuiteRunnerWorker.runSuite(SuiteRunnerWorker.java:52)
	at org.testng.SuiteRunnerWorker.run(SuiteRunnerWorker.java:84)
	at org.testng.TestNG.runSuitesSequentially(TestNG.java:1208)
	at org.testng.TestNG.runSuitesSequentially(TestNG.java:1204)
	at org.testng.TestNG.runSuitesLocally(TestNG.java:1137)
	at org.testng.TestNG.runSuites(TestNG.java:1049)
	at org.testng.TestNG.run(TestNG.java:1017)
	at org.testng.remote.AbstractRemoteTestNG.run(AbstractRemoteTestNG.java:114)
	at org.testng.remote.RemoteTestNG.initAndRun(RemoteTestNG.java:251)
	at org.testng.remote.RemoteTestNG.main(RemoteTestNG.java:77)
</pre></div></td>
<td>62</td>
<td>com.pharmeasy.MercuryUI.PurchaseEntry.TC020_VerifyThePurchaseEntryAfterSaveInPendingEntries@de3a06f</td></tr>
<tr>
<td title='com.pharmeasy.MercuryUI.PurchaseEntry.TC006_VerifyAutoLoadingFieldsAfterItemSelection.verifyUcodeLoading()'><b>verifyUcodeLoading</b><br>Test class: com.pharmeasy.MercuryUI.PurchaseEntry.TC006_VerifyAutoLoadingFieldsAfterItemSelection</td>
<td><div><pre>java.lang.AssertionError: expected [ZZZ-1234] but found [337617]
	at com.pharmeasy.MercuryUI.PurchaseEntry.TC006_VerifyAutoLoadingFieldsAfterItemSelection.verifyUcodeLoading(TC006_VerifyAutoLoadingFieldsAfterItemSelection.java:32)
... Removed 32 stack frames</pre></div><a href='#' onClick='toggleBox("stack-trace1474529475", this, "Click to show all stack frames", "Click to hide stack frames")'>Click to show all stack frames</a>
<div class='stack-trace' id='stack-trace1474529475'><pre>java.lang.AssertionError: expected [ZZZ-1234] but found [337617]
	at org.testng.Assert.fail(Assert.java:96)
	at org.testng.Assert.failNotEquals(Assert.java:776)
	at org.testng.Assert.assertEqualsImpl(Assert.java:137)
	at org.testng.Assert.assertEquals(Assert.java:118)
	at org.testng.Assert.assertEquals(Assert.java:453)
	at org.testng.Assert.assertEquals(Assert.java:463)
	at com.pharmeasy.MercuryUI.PurchaseEntry.TC006_VerifyAutoLoadingFieldsAfterItemSelection.verifyUcodeLoading(TC006_VerifyAutoLoadingFieldsAfterItemSelection.java:32)
	at sun.reflect.NativeMethodAccessorImpl.invoke0(Native Method)
	at sun.reflect.NativeMethodAccessorImpl.invoke(NativeMethodAccessorImpl.java:62)
	at sun.reflect.DelegatingMethodAccessorImpl.invoke(DelegatingMethodAccessorImpl.java:43)
	at java.lang.reflect.Method.invoke(Method.java:498)
	at org.testng.internal.MethodInvocationHelper.invokeMethod(MethodInvocationHelper.java:124)
	at org.testng.internal.Invoker.invokeMethod(Invoker.java:580)
	at org.testng.internal.Invoker.invokeTestMethod(Invoker.java:716)
	at org.testng.internal.Invoker.invokeTestMethods(Invoker.java:988)
	at org.testng.internal.TestMethodWorker.invokeTestMethods(TestMethodWorker.java:125)
	at org.testng.internal.TestMethodWorker.run(TestMethodWorker.java:109)
	at org.testng.TestRunner.privateRun(TestRunner.java:648)
	at org.testng.TestRunner.run(TestRunner.java:505)
	at org.testng.SuiteRunner.runTest(SuiteRunner.java:455)
	at org.testng.SuiteRunner.runSequentially(SuiteRunner.java:450)
	at org.testng.SuiteRunner.privateRun(SuiteRunner.java:415)
	at org.testng.SuiteRunner.run(SuiteRunner.java:364)
	at org.testng.SuiteRunnerWorker.runSuite(SuiteRunnerWorker.java:52)
	at org.testng.SuiteRunnerWorker.run(SuiteRunnerWorker.java:84)
	at org.testng.TestNG.runSuitesSequentially(TestNG.java:1208)
	at org.testng.TestNG.runSuitesSequentially(TestNG.java:1204)
	at org.testng.TestNG.runSuitesLocally(TestNG.java:1137)
	at org.testng.TestNG.runSuites(TestNG.java:1049)
	at org.testng.TestNG.run(TestNG.java:1017)
	at org.testng.remote.AbstractRemoteTestNG.run(AbstractRemoteTestNG.java:114)
	at org.testng.remote.RemoteTestNG.initAndRun(RemoteTestNG.java:251)
	at org.testng.remote.RemoteTestNG.main(RemoteTestNG.java:77)
</pre></div></td>
<td>33</td>
<td>com.pharmeasy.MercuryUI.PurchaseEntry.TC006_VerifyAutoLoadingFieldsAfterItemSelection@51b279c9</td></tr>
<tr>
<td title='com.pharmeasy.MercuryUI.PurchaseEntry.TC002_VerifySearchVendorNameFunctionality.verifyVendorSearch()'><b>verifyVendorSearch</b><br>Test class: com.pharmeasy.MercuryUI.PurchaseEntry.TC002_VerifySearchVendorNameFunctionality</td>
<td><div><pre>java.lang.AssertionError: expected [true] but found [false]
	at com.pharmeasy.MercuryUI.PurchaseEntry.TC002_VerifySearchVendorNameFunctionality.verifyVendorSearch(TC002_VerifySearchVendorNameFunctionality.java:39)
... Removed 30 stack frames</pre></div><a href='#' onClick='toggleBox("stack-trace1273879638", this, "Click to show all stack frames", "Click to hide stack frames")'>Click to show all stack frames</a>
<div class='stack-trace' id='stack-trace1273879638'><pre>java.lang.AssertionError: expected [true] but found [false]
	at org.testng.Assert.fail(Assert.java:96)
	at org.testng.Assert.failNotEquals(Assert.java:776)
	at org.testng.Assert.assertTrue(Assert.java:44)
	at org.testng.Assert.assertTrue(Assert.java:54)
	at com.pharmeasy.MercuryUI.PurchaseEntry.TC002_VerifySearchVendorNameFunctionality.verifyVendorSearch(TC002_VerifySearchVendorNameFunctionality.java:39)
	at sun.reflect.NativeMethodAccessorImpl.invoke0(Native Method)
	at sun.reflect.NativeMethodAccessorImpl.invoke(NativeMethodAccessorImpl.java:62)
	at sun.reflect.DelegatingMethodAccessorImpl.invoke(DelegatingMethodAccessorImpl.java:43)
	at java.lang.reflect.Method.invoke(Method.java:498)
	at org.testng.internal.MethodInvocationHelper.invokeMethod(MethodInvocationHelper.java:124)
	at org.testng.internal.Invoker.invokeMethod(Invoker.java:580)
	at org.testng.internal.Invoker.invokeTestMethod(Invoker.java:716)
	at org.testng.internal.Invoker.invokeTestMethods(Invoker.java:988)
	at org.testng.internal.TestMethodWorker.invokeTestMethods(TestMethodWorker.java:125)
	at org.testng.internal.TestMethodWorker.run(TestMethodWorker.java:109)
	at org.testng.TestRunner.privateRun(TestRunner.java:648)
	at org.testng.TestRunner.run(TestRunner.java:505)
	at org.testng.SuiteRunner.runTest(SuiteRunner.java:455)
	at org.testng.SuiteRunner.runSequentially(SuiteRunner.java:450)
	at org.testng.SuiteRunner.privateRun(SuiteRunner.java:415)
	at org.testng.SuiteRunner.run(SuiteRunner.java:364)
	at org.testng.SuiteRunnerWorker.runSuite(SuiteRunnerWorker.java:52)
	at org.testng.SuiteRunnerWorker.run(SuiteRunnerWorker.java:84)
	at org.testng.TestNG.runSuitesSequentially(TestNG.java:1208)
	at org.testng.TestNG.runSuitesSequentially(TestNG.java:1204)
	at org.testng.TestNG.runSuitesLocally(TestNG.java:1137)
	at org.testng.TestNG.runSuites(TestNG.java:1049)
	at org.testng.TestNG.run(TestNG.java:1017)
	at org.testng.remote.AbstractRemoteTestNG.run(AbstractRemoteTestNG.java:114)
	at org.testng.remote.RemoteTestNG.initAndRun(RemoteTestNG.java:251)
	at org.testng.remote.RemoteTestNG.main(RemoteTestNG.java:77)
</pre></div></td>
<td>28</td>
<td>com.pharmeasy.MercuryUI.PurchaseEntry.TC002_VerifySearchVendorNameFunctionality@4f51b3e0</td></tr>
</table><p>
<table width='100%' border='1' class='invocation-passed'>
<tr><td colspan='4' align='center'><b>PASSED TESTS</b></td></tr>
<tr><td><b>Test method</b></td>
<td width="30%"><b>Exception</b></td>
<td width="10%"><b>Time (seconds)</b></td>
<td><b>Instance</b></td>
</tr>
<tr>
<td title='com.pharmeasy.MercuryUI.PurchaseEntry.TC028_CreatePurchase.createPurchaseFromNewEntry()'><b>createPurchaseFromNewEntry</b><br>Test class: com.pharmeasy.MercuryUI.PurchaseEntry.TC028_CreatePurchase</td>
<td></td>
<td>33</td>
<td>com.pharmeasy.MercuryUI.PurchaseEntry.TC028_CreatePurchase@3bd94634</td></tr>
<tr>
<td title='com.pharmeasy.MercuryUI.PurchaseEntry.TC010_CalculationsForItemWise.verifyCalculationsItemWise()'><b>verifyCalculationsItemWise</b><br>Test class: com.pharmeasy.MercuryUI.PurchaseEntry.TC010_CalculationsForItemWise</td>
<td></td>
<td>43</td>
<td>com.pharmeasy.MercuryUI.PurchaseEntry.TC010_CalculationsForItemWise@5e955596</td></tr>
<tr>
<td title='com.pharmeasy.MercuryUI.PurchaseEntry.TC022_VerifyCreditAmountFunctionality.verifyCreditAmountByEnablingSlider()'><b>verifyCreditAmountByEnablingSlider</b><br>Test class: com.pharmeasy.MercuryUI.PurchaseEntry.TC022_VerifyCreditAmountFunctionality</td>
<td></td>
<td>47</td>
<td>com.pharmeasy.MercuryUI.PurchaseEntry.TC022_VerifyCreditAmountFunctionality@2bea5ab4</td></tr>
<tr>
<td title='com.pharmeasy.MercuryUI.PurchaseEntry.TC005_VerifyErrorMessagesForMandatoryFields.verifyInvoiceNumberField()'><b>verifyInvoiceNumberField</b><br>Test class: com.pharmeasy.MercuryUI.PurchaseEntry.TC005_VerifyErrorMessagesForMandatoryFields</td>
<td></td>
<td>24</td>
<td>com.pharmeasy.MercuryUI.PurchaseEntry.TC005_VerifyErrorMessagesForMandatoryFields@133e16fd</td></tr>
<tr>
<td title='com.pharmeasy.MercuryUI.PurchaseEntry.TC030_verifyRaiseIssueFunctionality.verifyIssueItemNameAndBatch()'><b>verifyIssueItemNameAndBatch</b><br>Test class: com.pharmeasy.MercuryUI.PurchaseEntry.TC030_verifyRaiseIssueFunctionality</td>
<td></td>
<td>32</td>
<td>com.pharmeasy.MercuryUI.PurchaseEntry.TC030_verifyRaiseIssueFunctionality@74294adb</td></tr>
<tr>
<td title='com.pharmeasy.MercuryUI.PurchaseEntry.TC008_VerifyNewbatchCreation.verifyNewBatch()'><b>verifyNewBatch</b><br>Test class: com.pharmeasy.MercuryUI.PurchaseEntry.TC008_VerifyNewbatchCreation</td>
<td></td>
<td>32</td>
<td>com.pharmeasy.MercuryUI.PurchaseEntry.TC008_VerifyNewbatchCreation@7f416310</td></tr>
<tr>
<td title='com.pharmeasy.MercuryUI.PurchaseEntry.TC003_VerifyNewEntryFunctionalityFromPurchase.verifyNewEntryFunctionality()'><b>verifyNewEntryFunctionality</b><br>Test class: com.pharmeasy.MercuryUI.PurchaseEntry.TC003_VerifyNewEntryFunctionalityFromPurchase</td>
<td></td>
<td>23</td>
<td>com.pharmeasy.MercuryUI.PurchaseEntry.TC003_VerifyNewEntryFunctionalityFromPurchase@4b9e255</td></tr>
<tr>
<td title='com.pharmeasy.MercuryUI.PurchaseEntry.TC029_VerifyPaginationInPurchaseEntryPage.verifyPaginationInPurchaseEntry()'><b>verifyPaginationInPurchaseEntry</b><br>Test class: com.pharmeasy.MercuryUI.PurchaseEntry.TC029_VerifyPaginationInPurchaseEntryPage</td>
<td></td>
<td>42</td>
<td>com.pharmeasy.MercuryUI.PurchaseEntry.TC029_VerifyPaginationInPurchaseEntryPage@58a90037</td></tr>
<tr>
<td title='com.pharmeasy.MercuryUI.PurchaseEntry.TC027_VerifyPendingEntryPurchaseInSplitVerifier.verifyPendingPurchaseInSplitVerifier()'><b>verifyPendingPurchaseInSplitVerifier</b><br>Test class: com.pharmeasy.MercuryUI.PurchaseEntry.TC027_VerifyPendingEntryPurchaseInSplitVerifier</td>
<td></td>
<td>51</td>
<td>com.pharmeasy.MercuryUI.PurchaseEntry.TC027_VerifyPendingEntryPurchaseInSplitVerifier@f4168b8</td></tr>
<tr>
<td title='com.pharmeasy.MercuryUI.PurchaseEntry.TC009_VerifyPurchaseEntrySuccessMSG.verifyPurEntry()'><b>verifyPurEntry</b><br>Test class: com.pharmeasy.MercuryUI.PurchaseEntry.TC009_VerifyPurchaseEntrySuccessMSG</td>
<td></td>
<td>33</td>
<td>com.pharmeasy.MercuryUI.PurchaseEntry.TC009_VerifyPurchaseEntrySuccessMSG@1cab0bfb</td></tr>
<tr>
<td title='com.pharmeasy.MercuryUI.PurchaseEntry.TC026_VerifyPurchaseCreationInSplitVerifier.verifyPurchaseCreationInSplitVerifier()'><b>verifyPurchaseCreationInSplitVerifier</b><br>Test class: com.pharmeasy.MercuryUI.PurchaseEntry.TC026_VerifyPurchaseCreationInSplitVerifier</td>
<td></td>
<td>47</td>
<td>com.pharmeasy.MercuryUI.PurchaseEntry.TC026_VerifyPurchaseCreationInSplitVerifier@2a40cd94</td></tr>
<tr>
<td title='com.pharmeasy.MercuryUI.PurchaseEntry.TC024_VerifyPurchaseEntryCreationFromPendingEntryPage.verifyPurchaseEntryCreationFromPendingEntryPage()'><b>verifyPurchaseEntryCreationFromPendingEntryPage</b><br>Test class: com.pharmeasy.MercuryUI.PurchaseEntry.TC024_VerifyPurchaseEntryCreationFromPendingEntryPage</td>
<td></td>
<td>47</td>
<td>com.pharmeasy.MercuryUI.PurchaseEntry.TC024_VerifyPurchaseEntryCreationFromPendingEntryPage@2df32bf7</td></tr>
<tr>
<td title='com.pharmeasy.MercuryUI.PurchaseEntry.TC007_VerifyPurchaseRateFieldValidation.verifyPurchaseRateFieldValidation()'><b>verifyPurchaseRateFieldValidation</b><br>Test class: com.pharmeasy.MercuryUI.PurchaseEntry.TC007_VerifyPurchaseRateFieldValidation</td>
<td></td>
<td>31</td>
<td>com.pharmeasy.MercuryUI.PurchaseEntry.TC007_VerifyPurchaseRateFieldValidation@1ad282e0</td></tr>
<tr>
<td title='com.pharmeasy.MercuryUI.PurchaseEntry.TC017_VerifyRoundOffFunctionality.verifyRoundOff()'><b>verifyRoundOff</b><br>Test class: com.pharmeasy.MercuryUI.PurchaseEntry.TC017_VerifyRoundOffFunctionality</td>
<td></td>
<td>38</td>
<td>com.pharmeasy.MercuryUI.PurchaseEntry.TC017_VerifyRoundOffFunctionality@71d15f18</td></tr>
<tr>
<td title='com.pharmeasy.MercuryUI.PurchaseEntry.TC019_VerifySaveAndContinueButtonFunctionalityInPurchasePage.verifySaveAndContinueFunctionality()'><b>verifySaveAndContinueFunctionality</b><br>Test class: com.pharmeasy.MercuryUI.PurchaseEntry.TC019_VerifySaveAndContinueButtonFunctionalityInPurchasePage</td>
<td></td>
<td>40</td>
<td>com.pharmeasy.MercuryUI.PurchaseEntry.TC019_VerifySaveAndContinueButtonFunctionalityInPurchasePage@6c9f5c0d</td></tr>
<tr>
<td title='com.pharmeasy.MercuryUI.PurchaseEntry.TC023_VerifySaveAndContinueInPendingEntries.verifySaveAndFunctionalityByDeletingAnItem()'><b>verifySaveAndFunctionalityByDeletingAnItem</b><br>Test class: com.pharmeasy.MercuryUI.PurchaseEntry.TC023_VerifySaveAndContinueInPendingEntries</td>
<td></td>
<td>51</td>
<td>com.pharmeasy.MercuryUI.PurchaseEntry.TC023_VerifySaveAndContinueInPendingEntries@3d8314f0</td></tr>
<tr>
<td title='com.pharmeasy.MercuryUI.PurchaseEntry.TC018_VerifySchemeDiscFunctionality.verifySchemeFunctionalityWithSchemeQtyWithoutSchemeDiscPercentage()'><b>verifySchemeFunctionalityWithSchemeQtyWithoutSchemeDiscPercentage</b><br>Test class: com.pharmeasy.MercuryUI.PurchaseEntry.TC018_VerifySchemeDiscFunctionality</td>
<td></td>
<td>32</td>
<td>com.pharmeasy.MercuryUI.PurchaseEntry.TC018_VerifySchemeDiscFunctionality@17695df3</td></tr>
<tr>
<td title='com.pharmeasy.MercuryUI.PurchaseEntry.TC001_VerifySearchByDateFunctionality.verifySearchByDateFunctionality()'><b>verifySearchByDateFunctionality</b><br>Test class: com.pharmeasy.MercuryUI.PurchaseEntry.TC001_VerifySearchByDateFunctionality</td>
<td></td>
<td>28</td>
<td>com.pharmeasy.MercuryUI.PurchaseEntry.TC001_VerifySearchByDateFunctionality@1e4a7dd4</td></tr>
<tr>
<td title='com.pharmeasy.MercuryUI.PurchaseEntry.TC021_VerifyAllSearchFieldsInPendingEntries.verifySearchByDateFunctionality()'><b>verifySearchByDateFunctionality</b><br>Test class: com.pharmeasy.MercuryUI.PurchaseEntry.TC021_VerifyAllSearchFieldsInPendingEntries</td>
<td></td>
<td>30</td>
<td>com.pharmeasy.MercuryUI.PurchaseEntry.TC021_VerifyAllSearchFieldsInPendingEntries@76b10754</td></tr>
<tr>
<td title='com.pharmeasy.MercuryUI.PurchaseEntry.TC025_VerifyAllSearchFieldsInSplitVerifierPage.verifySearchByDateFunctionality()'><b>verifySearchByDateFunctionality</b><br>Test class: com.pharmeasy.MercuryUI.PurchaseEntry.TC025_VerifyAllSearchFieldsInSplitVerifierPage</td>
<td></td>
<td>30</td>
<td>com.pharmeasy.MercuryUI.PurchaseEntry.TC025_VerifyAllSearchFieldsInSplitVerifierPage@530612ba</td></tr>
<tr>
<td title='com.pharmeasy.MercuryUI.PurchaseEntry.TC013_VerifyTotalItemDiscAmountForMultipleItems.verifyTotalDiscAmt()'><b>verifyTotalDiscAmt</b><br>Test class: com.pharmeasy.MercuryUI.PurchaseEntry.TC013_VerifyTotalItemDiscAmountForMultipleItems</td>
<td></td>
<td>50</td>
<td>com.pharmeasy.MercuryUI.PurchaseEntry.TC013_VerifyTotalItemDiscAmountForMultipleItems@60438a68</td></tr>
<tr>
<td title='com.pharmeasy.MercuryUI.PurchaseEntry.TC014_VerifyTotalGrossAmtForMultipleItems.verifyTotalGrossAmt()'><b>verifyTotalGrossAmt</b><br>Test class: com.pharmeasy.MercuryUI.PurchaseEntry.TC014_VerifyTotalGrossAmtForMultipleItems</td>
<td></td>
<td>49</td>
<td>com.pharmeasy.MercuryUI.PurchaseEntry.TC014_VerifyTotalGrossAmtForMultipleItems@140e5a13</td></tr>
<tr>
<td title='com.pharmeasy.MercuryUI.PurchaseEntry.TC011_VerifyTotalInvoiceAmountForMultipleItems.verifyTotalInvoiceAmt()'><b>verifyTotalInvoiceAmt</b><br>Test class: com.pharmeasy.MercuryUI.PurchaseEntry.TC011_VerifyTotalInvoiceAmountForMultipleItems</td>
<td></td>
<td>49</td>
<td>com.pharmeasy.MercuryUI.PurchaseEntry.TC011_VerifyTotalInvoiceAmountForMultipleItems@50de0926</td></tr>
<tr>
<td title='com.pharmeasy.MercuryUI.PurchaseEntry.TC015_VerifyTotalSchDiscAmtForMultipleItems.verifyTotalSchDiscAmtForMultipleItems()'><b>verifyTotalSchDiscAmtForMultipleItems</b><br>Test class: com.pharmeasy.MercuryUI.PurchaseEntry.TC015_VerifyTotalSchDiscAmtForMultipleItems</td>
<td></td>
<td>49</td>
<td>com.pharmeasy.MercuryUI.PurchaseEntry.TC015_VerifyTotalSchDiscAmtForMultipleItems@3439f68d</td></tr>
<tr>
<td title='com.pharmeasy.MercuryUI.PurchaseEntry.TC012_VerifyTotalTaxAmtForMultipleItems.verifyTotalTaxAmt()'><b>verifyTotalTaxAmt</b><br>Test class: com.pharmeasy.MercuryUI.PurchaseEntry.TC012_VerifyTotalTaxAmtForMultipleItems</td>
<td></td>
<td>49</td>
<td>com.pharmeasy.MercuryUI.PurchaseEntry.TC012_VerifyTotalTaxAmtForMultipleItems@2473b9ce</td></tr>
<tr>
<td title='com.pharmeasy.MercuryUI.PurchaseEntry.TC004_VerifyVendorSelection.verifyVendorSelection()'><b>verifyVendorSelection</b><br>Test class: com.pharmeasy.MercuryUI.PurchaseEntry.TC004_VerifyVendorSelection</td>
<td></td>
<td>24</td>
<td>com.pharmeasy.MercuryUI.PurchaseEntry.TC004_VerifyVendorSelection@5e57643e</td></tr>
<tr>
<td title='com.pharmeasy.MercuryUI.PurchaseEntry.TC016_VerifyXtraDiscPercentage.verifyXtraDisc()'><b>verifyXtraDisc</b><br>Test class: com.pharmeasy.MercuryUI.PurchaseEntry.TC016_VerifyXtraDiscPercentage</td>
<td></td>
<td>38</td>
<td>com.pharmeasy.MercuryUI.PurchaseEntry.TC016_VerifyXtraDiscPercentage@dbd940d</td></tr>
</table><p>
</body>
</html>